<?xml version="1.0" encoding="UTF-8"?>
<coverage generated="1778158023554" clover="3.2.0">
  <project timestamp="1778158023554" name="All files">
    <metrics statements="153" coveredstatements="148" conditionals="84" coveredconditionals="65" methods="46" coveredmethods="41" elements="283" coveredelements="254" complexity="0" loc="153" ncloc="153" packages="4" files="4" classes="4"/>
    <package name="src">
      <metrics statements="1" coveredstatements="1" conditionals="0" coveredconditionals="0" methods="0" coveredmethods="0"/>
      <file name="index.js" path="/home/davide/ProgettiPersonali/Arcade-UI/arcade-ui/src/index.js">
        <metrics statements="1" coveredstatements="1" conditionals="0" coveredconditionals="0" methods="0" coveredmethods="0"/>
        <line num="8" count="1" type="stmt"/>
      </file>
    </package>
    <package name="src.audio">
      <metrics statements="141" coveredstatements="136" conditionals="75" coveredconditionals="56" methods="41" coveredmethods="36"/>
      <file name="AudioManager.js" path="/home/davide/ProgettiPersonali/Arcade-UI/arcade-ui/src/audio/AudioManager.js">
        <metrics statements="141" coveredstatements="136" conditionals="75" coveredconditionals="56" methods="41" coveredmethods="36"/>
        <line num="5" count="3" type="stmt"/>
        <line num="6" count="3" type="stmt"/>
        <line num="8" count="3" type="stmt"/>
        <line num="9" count="3" type="stmt"/>
        <line num="23" count="20" type="stmt"/>
        <line num="24" count="20" type="stmt"/>
        <line num="25" count="20" type="stmt"/>
        <line num="26" count="20" type="stmt"/>
        <line num="27" count="20" type="stmt"/>
        <line num="28" count="20" type="stmt"/>
        <line num="29" count="20" type="stmt"/>
        <line num="30" count="20" type="stmt"/>
        <line num="31" count="20" type="stmt"/>
        <line num="32" count="20" type="stmt"/>
        <line num="39" count="4" type="stmt"/>
        <line num="40" count="4" type="stmt"/>
        <line num="41" count="4" type="stmt"/>
        <line num="42" count="4" type="stmt"/>
        <line num="43" count="4" type="stmt"/>
        <line num="44" count="4" type="stmt"/>
        <line num="45" count="4" type="stmt"/>
        <line num="46" count="4" type="stmt"/>
        <line num="47" count="4" type="stmt"/>
        <line num="48" count="4" type="stmt"/>
        <line num="49" count="4" type="stmt"/>
        <line num="58" count="3" type="stmt"/>
        <line num="61" count="2" type="stmt"/>
        <line num="62" count="2" type="stmt"/>
        <line num="63" count="2" type="stmt"/>
        <line num="68" count="3" type="stmt"/>
        <line num="73" count="4" type="stmt"/>
        <line num="78" count="1" type="stmt"/>
        <line num="83" count="2" type="stmt"/>
        <line num="84" count="8" type="stmt"/>
        <line num="89" count="1" type="stmt"/>
        <line num="90" count="4" type="stmt"/>
        <line num="113" count="43" type="stmt"/>
        <line num="116" count="43" type="stmt"/>
        <line num="118" count="43" type="stmt"/>
        <line num="120" count="43" type="stmt"/>
        <line num="122" count="43" type="stmt"/>
        <line num="124" count="43" type="stmt"/>
        <line num="126" count="43" type="stmt"/>
        <line num="128" count="43" type="stmt"/>
        <line num="130" count="43" type="stmt"/>
        <line num="132" count="43" type="stmt"/>
        <line num="134" count="43" type="stmt"/>
        <line num="137" count="40" type="stmt"/>
        <line num="138" count="40" type="stmt"/>
        <line num="139" count="40" type="stmt"/>
        <line num="140" count="40" type="stmt"/>
        <line num="148" count="43" type="cond" truecount="2" falsecount="0"/>
        <line num="149" count="40" type="stmt"/>
        <line num="151" count="43" type="stmt"/>
        <line num="157" count="40" type="stmt"/>
        <line num="158" count="40" type="stmt"/>
        <line num="159" count="40" type="stmt"/>
        <line num="160" count="40" type="cond" truecount="2" falsecount="0"/>
        <line num="161" count="40" type="cond" truecount="2" falsecount="0"/>
        <line num="166" count="16" type="stmt"/>
        <line num="167" count="16" type="stmt"/>
        <line num="168" count="16" type="stmt"/>
        <line num="175" count="14" type="cond" truecount="2" falsecount="0"/>
        <line num="176" count="13" type="cond" truecount="2" falsecount="0"/>
        <line num="177" count="7" type="stmt"/>
        <line num="179" count="13" type="cond" truecount="1" falsecount="1"/>
        <line num="180" count="0" type="stmt"/>
        <line num="182" count="13" type="stmt"/>
        <line num="188" count="40" type="stmt"/>
        <line num="189" count="40" type="stmt"/>
        <line num="190" count="35" type="cond" truecount="1" falsecount="2"/>
        <line num="192" count="0" type="cond" truecount="0" falsecount="4"/>
        <line num="193" count="0" type="stmt"/>
        <line num="197" count="35" type="cond" truecount="1" falsecount="1"/>
        <line num="198" count="35" type="stmt"/>
        <line num="205" count="40" type="cond" truecount="1" falsecount="1"/>
        <line num="207" count="40" type="stmt"/>
        <line num="208" count="34" type="cond" truecount="4" falsecount="0"/>
        <line num="209" count="14" type="stmt"/>
        <line num="210" count="14" type="stmt"/>
        <line num="211" count="14" type="stmt"/>
        <line num="214" count="40" type="stmt"/>
        <line num="215" count="120" type="stmt"/>
        <line num="222" count="40" type="cond" truecount="1" falsecount="1"/>
        <line num="223" count="40" type="stmt"/>
        <line num="224" count="40" type="cond" truecount="1" falsecount="1"/>
        <line num="225" count="0" type="stmt"/>
        <line num="227" count="40" type="stmt"/>
        <line num="239" count="51" type="stmt"/>
        <line num="240" count="15" type="cond" truecount="2" falsecount="0"/>
        <line num="241" count="9" type="stmt"/>
        <line num="243" count="9" type="stmt"/>
        <line num="244" count="9" type="stmt"/>
        <line num="246" count="9" type="cond" truecount="2" falsecount="0"/>
        <line num="247" count="15" type="cond" truecount="2" falsecount="0"/>
        <line num="251" count="15" type="cond" truecount="2" falsecount="0"/>
        <line num="252" count="8" type="stmt"/>
        <line num="253" count="1" type="cond" truecount="1" falsecount="1"/>
        <line num="257" count="9" type="cond" truecount="2" falsecount="0"/>
        <line num="258" count="3" type="stmt"/>
        <line num="259" count="2" type="cond" truecount="1" falsecount="1"/>
        <line num="277" count="22" type="cond" truecount="1" falsecount="1"/>
        <line num="278" count="22" type="cond" truecount="2" falsecount="0"/>
        <line num="279" count="4" type="stmt"/>
        <line num="280" count="4" type="stmt"/>
        <line num="282" count="18" type="cond" truecount="2" falsecount="0"/>
        <line num="284" count="17" type="cond" truecount="2" falsecount="0"/>
        <line num="285" count="14" type="stmt"/>
        <line num="286" count="14" type="cond" truecount="2" falsecount="0"/>
        <line num="287" count="3" type="cond" truecount="2" falsecount="0"/>
        <line num="288" count="2" type="stmt"/>
        <line num="289" count="1" type="cond" truecount="1" falsecount="1"/>
        <line num="291" count="1" type="stmt"/>
        <line num="296" count="1" type="stmt"/>
        <line num="299" count="17" type="stmt"/>
        <line num="308" count="5" type="stmt"/>
        <line num="309" count="5" type="stmt"/>
        <line num="310" count="5" type="cond" truecount="1" falsecount="1"/>
        <line num="311" count="5" type="stmt"/>
        <line num="313" count="5" type="stmt"/>
        <line num="318" count="5" type="stmt"/>
        <line num="327" count="7" type="stmt"/>
        <line num="328" count="7" type="stmt"/>
        <line num="329" count="7" type="stmt"/>
        <line num="330" count="7" type="stmt"/>
        <line num="338" count="4" type="stmt"/>
        <line num="339" count="4" type="stmt"/>
        <line num="340" count="4" type="stmt"/>
        <line num="341" count="4" type="stmt"/>
        <line num="346" count="4" type="stmt"/>
        <line num="358" count="3" type="cond" truecount="1" falsecount="1"/>
        <line num="359" count="3" type="cond" truecount="1" falsecount="1"/>
        <line num="360" count="3" type="stmt"/>
        <line num="367" count="0" type="stmt"/>
        <line num="369" count="3" type="stmt"/>
        <line num="378" count="11" type="stmt"/>
        <line num="379" count="11" type="stmt"/>
        <line num="384" count="2" type="stmt"/>
        <line num="391" count="41" type="cond" truecount="2" falsecount="0"/>
        <line num="392" count="38" type="stmt"/>
        <line num="394" count="41" type="stmt"/>
      </file>
    </package>
    <package name="src.components">
      <metrics statements="1" coveredstatements="1" conditionals="1" coveredconditionals="1" methods="1" coveredmethods="1"/>
      <file name="button.js" path="/home/davide/ProgettiPersonali/Arcade-UI/arcade-ui/src/components/button.js">
        <metrics statements="1" coveredstatements="1" conditionals="1" coveredconditionals="1" methods="1" coveredmethods="1"/>
        <line num="13" count="5" type="stmt"/>
      </file>
    </package>
    <package name="src.effects">
      <metrics statements="10" coveredstatements="10" conditionals="8" coveredconditionals="8" methods="4" coveredmethods="4"/>
      <file name="glitch.js" path="/home/davide/ProgettiPersonali/Arcade-UI/arcade-ui/src/effects/glitch.js">
        <metrics statements="10" coveredstatements="10" conditionals="8" coveredconditionals="8" methods="4" coveredmethods="4"/>
        <line num="4" count="2" type="stmt"/>
        <line num="16" count="10" type="stmt"/>
        <line num="17" count="11" type="cond" truecount="2" falsecount="0"/>
        <line num="20" count="10" type="cond" truecount="2" falsecount="0"/>
        <line num="23" count="11" type="cond" truecount="2" falsecount="0"/>
        <line num="35" count="6" type="stmt"/>
        <line num="36" count="6" type="stmt"/>
        <line num="37" count="6" type="stmt"/>
        <line num="38" count="6" type="stmt"/>
        <line num="41" count="2" type="stmt"/>
      </file>
    </package>
  </project>
</coverage>
