{"/home/davide/ProgettiPersonali/Arcade-UI/arcade-ui/src/index.js": {"path":"/home/davide/ProgettiPersonali/Arcade-UI/arcade-ui/src/index.js","statementMap":{"0":{"start":{"line":8,"column":23},"end":{"line":8,"column":null}}},"fnMap":{},"branchMap":{},"s":{"0":1},"f":{},"b":{},"meta":{"lastBranch":0,"lastFunction":0,"lastStatement":1,"seen":{"s:8:23:8:Infinity":0}}}
,"/home/davide/ProgettiPersonali/Arcade-UI/arcade-ui/src/audio/AudioManager.js": {"path":"/home/davide/ProgettiPersonali/Arcade-UI/arcade-ui/src/audio/AudioManager.js","statementMap":{"0":{"start":{"line":5,"column":23},"end":{"line":5,"column":null}},"1":{"start":{"line":6,"column":23},"end":{"line":6,"column":null}},"2":{"start":{"line":8,"column":29},"end":{"line":8,"column":null}},"3":{"start":{"line":9,"column":29},"end":{"line":9,"column":null}},"4":{"start":{"line":23,"column":15},"end":{"line":23,"column":null}},"5":{"start":{"line":24,"column":15},"end":{"line":24,"column":null}},"6":{"start":{"line":25,"column":2},"end":{"line":25,"column":null}},"7":{"start":{"line":26,"column":2},"end":{"line":26,"column":null}},"8":{"start":{"line":27,"column":2},"end":{"line":27,"column":null}},"9":{"start":{"line":28,"column":2},"end":{"line":28,"column":null}},"10":{"start":{"line":29,"column":2},"end":{"line":29,"column":null}},"11":{"start":{"line":30,"column":2},"end":{"line":30,"column":null}},"12":{"start":{"line":31,"column":2},"end":{"line":31,"column":null}},"13":{"start":{"line":32,"column":2},"end":{"line":32,"column":null}},"14":{"start":{"line":39,"column":15},"end":{"line":39,"column":null}},"15":{"start":{"line":40,"column":15},"end":{"line":40,"column":null}},"16":{"start":{"line":41,"column":2},"end":{"line":41,"column":null}},"17":{"start":{"line":42,"column":2},"end":{"line":42,"column":null}},"18":{"start":{"line":43,"column":2},"end":{"line":43,"column":null}},"19":{"start":{"line":44,"column":2},"end":{"line":44,"column":null}},"20":{"start":{"line":45,"column":2},"end":{"line":45,"column":null}},"21":{"start":{"line":46,"column":2},"end":{"line":46,"column":null}},"22":{"start":{"line":47,"column":2},"end":{"line":47,"column":null}},"23":{"start":{"line":48,"column":2},"end":{"line":48,"column":null}},"24":{"start":{"line":49,"column":2},"end":{"line":49,"column":null}},"25":{"start":{"line":58,"column":18},"end":{"line":92,"column":null}},"26":{"start":{"line":61,"column":14},"end":{"line":61,"column":null}},"27":{"start":{"line":62,"column":4},"end":{"line":62,"column":null}},"28":{"start":{"line":63,"column":4},"end":{"line":63,"column":null}},"29":{"start":{"line":68,"column":4},"end":{"line":68,"column":null}},"30":{"start":{"line":73,"column":4},"end":{"line":73,"column":null}},"31":{"start":{"line":78,"column":4},"end":{"line":78,"column":null}},"32":{"start":{"line":83,"column":14},"end":{"line":83,"column":null}},"33":{"start":{"line":84,"column":5},"end":{"line":84,"column":null}},"34":{"start":{"line":84,"column":45},"end":{"line":84,"column":87}},"35":{"start":{"line":89,"column":14},"end":{"line":89,"column":null}},"36":{"start":{"line":90,"column":5},"end":{"line":90,"column":null}},"37":{"start":{"line":90,"column":44},"end":{"line":90,"column":86}},"38":{"start":{"line":113,"column":21},"end":{"line":113,"column":null}},"39":{"start":{"line":116,"column":9},"end":{"line":116,"column":null}},"40":{"start":{"line":118,"column":10},"end":{"line":118,"column":null}},"41":{"start":{"line":120,"column":12},"end":{"line":120,"column":null}},"42":{"start":{"line":122,"column":21},"end":{"line":122,"column":null}},"43":{"start":{"line":124,"column":12},"end":{"line":124,"column":null}},"44":{"start":{"line":126,"column":11},"end":{"line":126,"column":null}},"45":{"start":{"line":128,"column":15},"end":{"line":128,"column":null}},"46":{"start":{"line":130,"column":17},"end":{"line":130,"column":null}},"47":{"start":{"line":132,"column":15},"end":{"line":132,"column":null}},"48":{"start":{"line":134,"column":19},"end":{"line":134,"column":null}},"49":{"start":{"line":137,"column":4},"end":{"line":137,"column":null}},"50":{"start":{"line":138,"column":4},"end":{"line":138,"column":null}},"51":{"start":{"line":139,"column":4},"end":{"line":139,"column":null}},"52":{"start":{"line":140,"column":4},"end":{"line":140,"column":null}},"53":{"start":{"line":148,"column":4},"end":{"line":150,"column":null}},"54":{"start":{"line":149,"column":6},"end":{"line":149,"column":null}},"55":{"start":{"line":151,"column":4},"end":{"line":151,"column":null}},"56":{"start":{"line":157,"column":4},"end":{"line":162,"column":null}},"57":{"start":{"line":158,"column":20},"end":{"line":158,"column":null}},"58":{"start":{"line":159,"column":20},"end":{"line":159,"column":null}},"59":{"start":{"line":160,"column":6},"end":{"line":160,"column":null}},"60":{"start":{"line":160,"column":26},"end":{"line":160,"column":null}},"61":{"start":{"line":161,"column":6},"end":{"line":161,"column":null}},"62":{"start":{"line":161,"column":26},"end":{"line":161,"column":null}},"63":{"start":{"line":166,"column":4},"end":{"line":169,"column":null}},"64":{"start":{"line":167,"column":6},"end":{"line":167,"column":null}},"65":{"start":{"line":168,"column":6},"end":{"line":168,"column":null}},"66":{"start":{"line":175,"column":4},"end":{"line":175,"column":null}},"67":{"start":{"line":175,"column":45},"end":{"line":175,"column":null}},"68":{"start":{"line":176,"column":4},"end":{"line":178,"column":null}},"69":{"start":{"line":177,"column":6},"end":{"line":177,"column":null}},"70":{"start":{"line":179,"column":4},"end":{"line":181,"column":null}},"71":{"start":{"line":180,"column":6},"end":{"line":180,"column":null}},"72":{"start":{"line":182,"column":4},"end":{"line":182,"column":null}},"73":{"start":{"line":188,"column":4},"end":{"line":195,"column":null}},"74":{"start":{"line":189,"column":19},"end":{"line":189,"column":null}},"75":{"start":{"line":190,"column":6},"end":{"line":190,"column":null}},"76":{"start":{"line":192,"column":6},"end":{"line":194,"column":null}},"77":{"start":{"line":193,"column":8},"end":{"line":193,"column":null}},"78":{"start":{"line":197,"column":4},"end":{"line":199,"column":null}},"79":{"start":{"line":198,"column":6},"end":{"line":198,"column":null}},"80":{"start":{"line":198,"column":63},"end":{"line":198,"column":85}},"81":{"start":{"line":205,"column":4},"end":{"line":205,"column":null}},"82":{"start":{"line":205,"column":41},"end":{"line":205,"column":null}},"83":{"start":{"line":207,"column":21},"end":{"line":212,"column":null}},"84":{"start":{"line":208,"column":6},"end":{"line":208,"column":null}},"85":{"start":{"line":208,"column":46},"end":{"line":208,"column":null}},"86":{"start":{"line":209,"column":6},"end":{"line":209,"column":null}},"87":{"start":{"line":210,"column":20},"end":{"line":210,"column":null}},"88":{"start":{"line":211,"column":6},"end":{"line":211,"column":null}},"89":{"start":{"line":211,"column":26},"end":{"line":211,"column":39}},"90":{"start":{"line":214,"column":5},"end":{"line":216,"column":null}},"91":{"start":{"line":215,"column":6},"end":{"line":215,"column":null}},"92":{"start":{"line":222,"column":4},"end":{"line":222,"column":null}},"93":{"start":{"line":222,"column":41},"end":{"line":222,"column":null}},"94":{"start":{"line":223,"column":17},"end":{"line":223,"column":null}},"95":{"start":{"line":223,"column":23},"end":{"line":223,"column":null}},"96":{"start":{"line":224,"column":4},"end":{"line":228,"column":null}},"97":{"start":{"line":225,"column":6},"end":{"line":225,"column":null}},"98":{"start":{"line":227,"column":6},"end":{"line":227,"column":null}},"99":{"start":{"line":239,"column":4},"end":{"line":262,"column":null}},"100":{"start":{"line":240,"column":6},"end":{"line":240,"column":null}},"101":{"start":{"line":240,"column":39},"end":{"line":240,"column":null}},"102":{"start":{"line":241,"column":6},"end":{"line":241,"column":null}},"103":{"start":{"line":243,"column":27},"end":{"line":243,"column":null}},"104":{"start":{"line":244,"column":27},"end":{"line":244,"column":null}},"105":{"start":{"line":246,"column":23},"end":{"line":246,"column":null}},"106":{"start":{"line":247,"column":23},"end":{"line":249,"column":null}},"107":{"start":{"line":251,"column":6},"end":{"line":255,"column":null}},"108":{"start":{"line":252,"column":8},"end":{"line":254,"column":null}},"109":{"start":{"line":253,"column":10},"end":{"line":253,"column":null}},"110":{"start":{"line":253,"column":28},"end":{"line":253,"column":null}},"111":{"start":{"line":257,"column":6},"end":{"line":261,"column":null}},"112":{"start":{"line":258,"column":8},"end":{"line":260,"column":null}},"113":{"start":{"line":259,"column":10},"end":{"line":259,"column":null}},"114":{"start":{"line":259,"column":28},"end":{"line":259,"column":null}},"115":{"start":{"line":277,"column":4},"end":{"line":277,"column":null}},"116":{"start":{"line":277,"column":25},"end":{"line":277,"column":null}},"117":{"start":{"line":278,"column":4},"end":{"line":281,"column":null}},"118":{"start":{"line":279,"column":6},"end":{"line":279,"column":null}},"119":{"start":{"line":280,"column":6},"end":{"line":280,"column":null}},"120":{"start":{"line":282,"column":4},"end":{"line":282,"column":null}},"121":{"start":{"line":282,"column":21},"end":{"line":282,"column":null}},"122":{"start":{"line":284,"column":4},"end":{"line":297,"column":null}},"123":{"start":{"line":285,"column":18},"end":{"line":285,"column":null}},"124":{"start":{"line":286,"column":6},"end":{"line":286,"column":null}},"125":{"start":{"line":286,"column":15},"end":{"line":286,"column":null}},"126":{"start":{"line":287,"column":11},"end":{"line":297,"column":null}},"127":{"start":{"line":288,"column":6},"end":{"line":288,"column":null}},"128":{"start":{"line":289,"column":11},"end":{"line":297,"column":null}},"129":{"start":{"line":291,"column":6},"end":{"line":295,"column":null}},"130":{"start":{"line":296,"column":6},"end":{"line":296,"column":null}},"131":{"start":{"line":299,"column":4},"end":{"line":299,"column":null}},"132":{"start":{"line":308,"column":4},"end":{"line":308,"column":null}},"133":{"start":{"line":309,"column":4},"end":{"line":309,"column":null}},"134":{"start":{"line":310,"column":4},"end":{"line":312,"column":null}},"135":{"start":{"line":311,"column":6},"end":{"line":311,"column":null}},"136":{"start":{"line":311,"column":32},"end":{"line":311,"column":54}},"137":{"start":{"line":313,"column":4},"end":{"line":313,"column":null}},"138":{"start":{"line":318,"column":4},"end":{"line":318,"column":null}},"139":{"start":{"line":327,"column":4},"end":{"line":327,"column":null}},"140":{"start":{"line":328,"column":4},"end":{"line":328,"column":null}},"141":{"start":{"line":329,"column":4},"end":{"line":329,"column":null}},"142":{"start":{"line":329,"column":30},"end":{"line":329,"column":41}},"143":{"start":{"line":330,"column":4},"end":{"line":330,"column":null}},"144":{"start":{"line":338,"column":4},"end":{"line":338,"column":null}},"145":{"start":{"line":339,"column":4},"end":{"line":339,"column":null}},"146":{"start":{"line":340,"column":4},"end":{"line":340,"column":null}},"147":{"start":{"line":340,"column":30},"end":{"line":340,"column":52}},"148":{"start":{"line":341,"column":4},"end":{"line":341,"column":null}},"149":{"start":{"line":346,"column":4},"end":{"line":346,"column":null}},"150":{"start":{"line":358,"column":4},"end":{"line":368,"column":null}},"151":{"start":{"line":359,"column":6},"end":{"line":365,"column":null}},"152":{"start":{"line":360,"column":8},"end":{"line":364,"column":null}},"153":{"start":{"line":367,"column":6},"end":{"line":367,"column":null}},"154":{"start":{"line":369,"column":4},"end":{"line":369,"column":null}},"155":{"start":{"line":378,"column":4},"end":{"line":378,"column":null}},"156":{"start":{"line":379,"column":4},"end":{"line":379,"column":null}},"157":{"start":{"line":384,"column":4},"end":{"line":384,"column":null}},"158":{"start":{"line":391,"column":4},"end":{"line":393,"column":null}},"159":{"start":{"line":392,"column":6},"end":{"line":392,"column":null}},"160":{"start":{"line":394,"column":4},"end":{"line":394,"column":null}}},"fnMap":{"0":{"name":"note","decl":{"start":{"line":22,"column":9},"end":{"line":22,"column":13}},"loc":{"start":{"line":22,"column":55},"end":{"line":33,"column":null}},"line":22},"1":{"name":"sweep","decl":{"start":{"line":38,"column":9},"end":{"line":38,"column":14}},"loc":{"start":{"line":38,"column":58},"end":{"line":50,"column":null}},"line":38},"2":{"name":"(anonymous_2)","decl":{"start":{"line":60,"column":8},"end":{"line":60,"column":9}},"loc":{"start":{"line":60,"column":20},"end":{"line":64,"column":3}},"line":60},"3":{"name":"(anonymous_3)","decl":{"start":{"line":67,"column":10},"end":{"line":67,"column":11}},"loc":{"start":{"line":67,"column":22},"end":{"line":69,"column":3}},"line":67},"4":{"name":"(anonymous_4)","decl":{"start":{"line":72,"column":8},"end":{"line":72,"column":9}},"loc":{"start":{"line":72,"column":20},"end":{"line":74,"column":3}},"line":72},"5":{"name":"(anonymous_5)","decl":{"start":{"line":77,"column":9},"end":{"line":77,"column":10}},"loc":{"start":{"line":77,"column":21},"end":{"line":79,"column":3}},"line":77},"6":{"name":"(anonymous_6)","decl":{"start":{"line":82,"column":7},"end":{"line":82,"column":8}},"loc":{"start":{"line":82,"column":19},"end":{"line":85,"column":3}},"line":82},"7":{"name":"(anonymous_7)","decl":{"start":{"line":84,"column":35},"end":{"line":84,"column":36}},"loc":{"start":{"line":84,"column":45},"end":{"line":84,"column":87}},"line":84},"8":{"name":"(anonymous_8)","decl":{"start":{"line":88,"column":12},"end":{"line":88,"column":13}},"loc":{"start":{"line":88,"column":24},"end":{"line":91,"column":3}},"line":88},"9":{"name":"(anonymous_9)","decl":{"start":{"line":90,"column":34},"end":{"line":90,"column":35}},"loc":{"start":{"line":90,"column":44},"end":{"line":90,"column":86}},"line":90},"10":{"name":"(anonymous_10)","decl":{"start":{"line":136,"column":2},"end":{"line":136,"column":13}},"loc":{"start":{"line":136,"column":16},"end":{"line":141,"column":null}},"line":136},"11":{"name":"(anonymous_11)","decl":{"start":{"line":147,"column":9},"end":{"line":147,"column":20}},"loc":{"start":{"line":147,"column":23},"end":{"line":152,"column":null}},"line":147},"12":{"name":"(anonymous_12)","decl":{"start":{"line":156,"column":2},"end":{"line":156,"column":14}},"loc":{"start":{"line":156,"column":17},"end":{"line":163,"column":null}},"line":156},"13":{"name":"(anonymous_13)","decl":{"start":{"line":165,"column":2},"end":{"line":165,"column":15}},"loc":{"start":{"line":165,"column":18},"end":{"line":170,"column":null}},"line":165},"14":{"name":"(anonymous_14)","decl":{"start":{"line":174,"column":2},"end":{"line":174,"column":9}},"loc":{"start":{"line":174,"column":12},"end":{"line":183,"column":null}},"line":174},"15":{"name":"(anonymous_15)","decl":{"start":{"line":180,"column":31},"end":{"line":180,"column":32}},"loc":{"start":{"line":180,"column":37},"end":{"line":180,"column":39}},"line":180},"16":{"name":"(anonymous_16)","decl":{"start":{"line":187,"column":8},"end":{"line":187,"column":19}},"loc":{"start":{"line":187,"column":22},"end":{"line":200,"column":null}},"line":187},"17":{"name":"(anonymous_17)","decl":{"start":{"line":198,"column":46},"end":{"line":198,"column":47}},"loc":{"start":{"line":198,"column":63},"end":{"line":198,"column":85}},"line":198},"18":{"name":"(anonymous_18)","decl":{"start":{"line":204,"column":2},"end":{"line":204,"column":22}},"loc":{"start":{"line":204,"column":25},"end":{"line":217,"column":null}},"line":204},"19":{"name":"(anonymous_19)","decl":{"start":{"line":207,"column":21},"end":{"line":207,"column":22}},"loc":{"start":{"line":207,"column":27},"end":{"line":212,"column":null}},"line":207},"20":{"name":"(anonymous_20)","decl":{"start":{"line":211,"column":20},"end":{"line":211,"column":22}},"loc":{"start":{"line":211,"column":26},"end":{"line":211,"column":39}},"line":211},"21":{"name":"(anonymous_21)","decl":{"start":{"line":214,"column":48},"end":{"line":214,"column":52}},"loc":{"start":{"line":214,"column":56},"end":{"line":216,"column":5}},"line":214},"22":{"name":"(anonymous_22)","decl":{"start":{"line":221,"column":2},"end":{"line":221,"column":22}},"loc":{"start":{"line":221,"column":25},"end":{"line":229,"column":null}},"line":221},"23":{"name":"(anonymous_23)","decl":{"start":{"line":223,"column":17},"end":{"line":223,"column":18}},"loc":{"start":{"line":223,"column":23},"end":{"line":223,"column":null}},"line":223},"24":{"name":"(anonymous_24)","decl":{"start":{"line":238,"column":2},"end":{"line":238,"column":17}},"loc":{"start":{"line":238,"column":35},"end":{"line":263,"column":null}},"line":238},"25":{"name":"(anonymous_25)","decl":{"start":{"line":239,"column":48},"end":{"line":239,"column":50}},"loc":{"start":{"line":239,"column":54},"end":{"line":262,"column":5}},"line":239},"26":{"name":"(anonymous_26)","decl":{"start":{"line":252,"column":42},"end":{"line":252,"column":43}},"loc":{"start":{"line":252,"column":48},"end":{"line":254,"column":9}},"line":252},"27":{"name":"(anonymous_27)","decl":{"start":{"line":258,"column":37},"end":{"line":258,"column":38}},"loc":{"start":{"line":258,"column":43},"end":{"line":260,"column":9}},"line":258},"28":{"name":"(anonymous_28)","decl":{"start":{"line":276,"column":2},"end":{"line":276,"column":6}},"loc":{"start":{"line":276,"column":16},"end":{"line":300,"column":null}},"line":276},"29":{"name":"(anonymous_29)","decl":{"start":{"line":307,"column":2},"end":{"line":307,"column":11}},"loc":{"start":{"line":307,"column":19},"end":{"line":314,"column":null}},"line":307},"30":{"name":"(anonymous_30)","decl":{"start":{"line":311,"column":27},"end":{"line":311,"column":28}},"loc":{"start":{"line":311,"column":32},"end":{"line":311,"column":54}},"line":311},"31":{"name":"(anonymous_31)","decl":{"start":{"line":317,"column":2},"end":{"line":317,"column":11}},"loc":{"start":{"line":317,"column":14},"end":{"line":319,"column":null}},"line":317},"32":{"name":"(anonymous_32)","decl":{"start":{"line":326,"column":2},"end":{"line":326,"column":6}},"loc":{"start":{"line":326,"column":9},"end":{"line":331,"column":null}},"line":326},"33":{"name":"(anonymous_33)","decl":{"start":{"line":329,"column":25},"end":{"line":329,"column":26}},"loc":{"start":{"line":329,"column":30},"end":{"line":329,"column":41}},"line":329},"34":{"name":"(anonymous_34)","decl":{"start":{"line":337,"column":2},"end":{"line":337,"column":8}},"loc":{"start":{"line":337,"column":11},"end":{"line":342,"column":null}},"line":337},"35":{"name":"(anonymous_35)","decl":{"start":{"line":340,"column":25},"end":{"line":340,"column":26}},"loc":{"start":{"line":340,"column":30},"end":{"line":340,"column":52}},"line":340},"36":{"name":"(anonymous_36)","decl":{"start":{"line":345,"column":2},"end":{"line":345,"column":9}},"loc":{"start":{"line":345,"column":12},"end":{"line":347,"column":null}},"line":345},"37":{"name":"(anonymous_37)","decl":{"start":{"line":357,"column":2},"end":{"line":357,"column":10}},"loc":{"start":{"line":357,"column":20},"end":{"line":370,"column":null}},"line":357},"38":{"name":"(anonymous_38)","decl":{"start":{"line":377,"column":2},"end":{"line":377,"column":13}},"loc":{"start":{"line":377,"column":31},"end":{"line":380,"column":null}},"line":377},"39":{"name":"(anonymous_39)","decl":{"start":{"line":383,"column":13},"end":{"line":383,"column":16}},"loc":{"start":{"line":383,"column":19},"end":{"line":385,"column":null}},"line":383},"40":{"name":"(anonymous_40)","decl":{"start":{"line":390,"column":9},"end":{"line":390,"column":22}},"loc":{"start":{"line":390,"column":25},"end":{"line":395,"column":null}},"line":390}},"branchMap":{"0":{"loc":{"start":{"line":22,"column":38},"end":{"line":22,"column":53}},"type":"default-arg","locations":[{"start":{"line":22,"column":45},"end":{"line":22,"column":53}}],"line":22},"1":{"loc":{"start":{"line":38,"column":41},"end":{"line":38,"column":56}},"type":"default-arg","locations":[{"start":{"line":38,"column":48},"end":{"line":38,"column":56}}],"line":38},"2":{"loc":{"start":{"line":148,"column":4},"end":{"line":150,"column":null}},"type":"if","locations":[{"start":{"line":148,"column":4},"end":{"line":150,"column":null}},{"start":{},"end":{}}],"line":148},"3":{"loc":{"start":{"line":160,"column":6},"end":{"line":160,"column":null}},"type":"if","locations":[{"start":{"line":160,"column":6},"end":{"line":160,"column":null}},{"start":{},"end":{}}],"line":160},"4":{"loc":{"start":{"line":161,"column":6},"end":{"line":161,"column":null}},"type":"if","locations":[{"start":{"line":161,"column":6},"end":{"line":161,"column":null}},{"start":{},"end":{}}],"line":161},"5":{"loc":{"start":{"line":175,"column":4},"end":{"line":175,"column":null}},"type":"if","locations":[{"start":{"line":175,"column":4},"end":{"line":175,"column":null}},{"start":{},"end":{}}],"line":175},"6":{"loc":{"start":{"line":176,"column":4},"end":{"line":178,"column":null}},"type":"if","locations":[{"start":{"line":176,"column":4},"end":{"line":178,"column":null}},{"start":{},"end":{}}],"line":176},"7":{"loc":{"start":{"line":179,"column":4},"end":{"line":181,"column":null}},"type":"if","locations":[{"start":{"line":179,"column":4},"end":{"line":181,"column":null}},{"start":{},"end":{}}],"line":179},"8":{"loc":{"start":{"line":190,"column":19},"end":{"line":190,"column":null}},"type":"binary-expr","locations":[{"start":{"line":190,"column":19},"end":{"line":190,"column":27}},{"start":{"line":190,"column":31},"end":{"line":190,"column":48}},{"start":{"line":190,"column":52},"end":{"line":190,"column":null}}],"line":190},"9":{"loc":{"start":{"line":192,"column":6},"end":{"line":194,"column":null}},"type":"if","locations":[{"start":{"line":192,"column":6},"end":{"line":194,"column":null}},{"start":{},"end":{}}],"line":192},"10":{"loc":{"start":{"line":192,"column":10},"end":{"line":192,"column":76}},"type":"binary-expr","locations":[{"start":{"line":192,"column":10},"end":{"line":192,"column":39}},{"start":{"line":192,"column":43},"end":{"line":192,"column":76}}],"line":192},"11":{"loc":{"start":{"line":197,"column":4},"end":{"line":199,"column":null}},"type":"if","locations":[{"start":{"line":197,"column":4},"end":{"line":199,"column":null}},{"start":{},"end":{}}],"line":197},"12":{"loc":{"start":{"line":205,"column":4},"end":{"line":205,"column":null}},"type":"if","locations":[{"start":{"line":205,"column":4},"end":{"line":205,"column":null}},{"start":{},"end":{}}],"line":205},"13":{"loc":{"start":{"line":208,"column":6},"end":{"line":208,"column":null}},"type":"if","locations":[{"start":{"line":208,"column":6},"end":{"line":208,"column":null}},{"start":{},"end":{}}],"line":208},"14":{"loc":{"start":{"line":208,"column":10},"end":{"line":208,"column":44}},"type":"binary-expr","locations":[{"start":{"line":208,"column":10},"end":{"line":208,"column":25}},{"start":{"line":208,"column":29},"end":{"line":208,"column":44}}],"line":208},"15":{"loc":{"start":{"line":222,"column":4},"end":{"line":222,"column":null}},"type":"if","locations":[{"start":{"line":222,"column":4},"end":{"line":222,"column":null}},{"start":{},"end":{}}],"line":222},"16":{"loc":{"start":{"line":224,"column":4},"end":{"line":228,"column":null}},"type":"if","locations":[{"start":{"line":224,"column":4},"end":{"line":228,"column":null}},{"start":{"line":226,"column":11},"end":{"line":228,"column":null}}],"line":224},"17":{"loc":{"start":{"line":238,"column":18},"end":{"line":238,"column":33}},"type":"default-arg","locations":[{"start":{"line":238,"column":25},"end":{"line":238,"column":33}}],"line":238},"18":{"loc":{"start":{"line":240,"column":6},"end":{"line":240,"column":null}},"type":"if","locations":[{"start":{"line":240,"column":6},"end":{"line":240,"column":null}},{"start":{},"end":{}}],"line":240},"19":{"loc":{"start":{"line":246,"column":23},"end":{"line":246,"column":null}},"type":"cond-expr","locations":[{"start":{"line":246,"column":38},"end":{"line":246,"column":62}},{"start":{"line":246,"column":66},"end":{"line":246,"column":null}}],"line":246},"20":{"loc":{"start":{"line":247,"column":23},"end":{"line":249,"column":null}},"type":"cond-expr","locations":[{"start":{"line":248,"column":10},"end":{"line":248,"column":null}},{"start":{"line":249,"column":10},"end":{"line":249,"column":null}}],"line":247},"21":{"loc":{"start":{"line":249,"column":10},"end":{"line":249,"column":null}},"type":"cond-expr","locations":[{"start":{"line":249,"column":45},"end":{"line":249,"column":53}},{"start":{"line":249,"column":56},"end":{"line":249,"column":null}}],"line":249},"22":{"loc":{"start":{"line":251,"column":6},"end":{"line":255,"column":null}},"type":"if","locations":[{"start":{"line":251,"column":6},"end":{"line":255,"column":null}},{"start":{},"end":{}}],"line":251},"23":{"loc":{"start":{"line":253,"column":10},"end":{"line":253,"column":null}},"type":"if","locations":[{"start":{"line":253,"column":10},"end":{"line":253,"column":null}},{"start":{},"end":{}}],"line":253},"24":{"loc":{"start":{"line":257,"column":6},"end":{"line":261,"column":null}},"type":"if","locations":[{"start":{"line":257,"column":6},"end":{"line":261,"column":null}},{"start":{},"end":{}}],"line":257},"25":{"loc":{"start":{"line":259,"column":10},"end":{"line":259,"column":null}},"type":"if","locations":[{"start":{"line":259,"column":10},"end":{"line":259,"column":null}},{"start":{},"end":{}}],"line":259},"26":{"loc":{"start":{"line":277,"column":4},"end":{"line":277,"column":null}},"type":"if","locations":[{"start":{"line":277,"column":4},"end":{"line":277,"column":null}},{"start":{},"end":{}}],"line":277},"27":{"loc":{"start":{"line":278,"column":4},"end":{"line":281,"column":null}},"type":"if","locations":[{"start":{"line":278,"column":4},"end":{"line":281,"column":null}},{"start":{},"end":{}}],"line":278},"28":{"loc":{"start":{"line":282,"column":4},"end":{"line":282,"column":null}},"type":"if","locations":[{"start":{"line":282,"column":4},"end":{"line":282,"column":null}},{"start":{},"end":{}}],"line":282},"29":{"loc":{"start":{"line":284,"column":4},"end":{"line":297,"column":null}},"type":"if","locations":[{"start":{"line":284,"column":4},"end":{"line":297,"column":null}},{"start":{"line":287,"column":11},"end":{"line":297,"column":null}}],"line":284},"30":{"loc":{"start":{"line":286,"column":6},"end":{"line":286,"column":null}},"type":"if","locations":[{"start":{"line":286,"column":6},"end":{"line":286,"column":null}},{"start":{},"end":{}}],"line":286},"31":{"loc":{"start":{"line":287,"column":11},"end":{"line":297,"column":null}},"type":"if","locations":[{"start":{"line":287,"column":11},"end":{"line":297,"column":null}},{"start":{"line":289,"column":11},"end":{"line":297,"column":null}}],"line":287},"32":{"loc":{"start":{"line":289,"column":11},"end":{"line":297,"column":null}},"type":"if","locations":[{"start":{"line":289,"column":11},"end":{"line":297,"column":null}},{"start":{},"end":{}}],"line":289},"33":{"loc":{"start":{"line":310,"column":4},"end":{"line":312,"column":null}},"type":"if","locations":[{"start":{"line":310,"column":4},"end":{"line":312,"column":null}},{"start":{},"end":{}}],"line":310},"34":{"loc":{"start":{"line":358,"column":4},"end":{"line":368,"column":null}},"type":"if","locations":[{"start":{"line":358,"column":4},"end":{"line":368,"column":null}},{"start":{"line":366,"column":11},"end":{"line":368,"column":null}}],"line":358},"35":{"loc":{"start":{"line":359,"column":6},"end":{"line":365,"column":null}},"type":"if","locations":[{"start":{"line":359,"column":6},"end":{"line":365,"column":null}},{"start":{},"end":{}}],"line":359},"36":{"loc":{"start":{"line":362,"column":19},"end":{"line":362,"column":49}},"type":"cond-expr","locations":[{"start":{"line":362,"column":33},"end":{"line":362,"column":34}},{"start":{"line":362,"column":37},"end":{"line":362,"column":49}}],"line":362},"37":{"loc":{"start":{"line":377,"column":14},"end":{"line":377,"column":29}},"type":"default-arg","locations":[{"start":{"line":377,"column":21},"end":{"line":377,"column":29}}],"line":377},"38":{"loc":{"start":{"line":391,"column":4},"end":{"line":393,"column":null}},"type":"if","locations":[{"start":{"line":391,"column":4},"end":{"line":393,"column":null}},{"start":{},"end":{}}],"line":391}},"s":{"0":3,"1":3,"2":3,"3":3,"4":20,"5":20,"6":20,"7":20,"8":20,"9":20,"10":20,"11":20,"12":20,"13":20,"14":4,"15":4,"16":4,"17":4,"18":4,"19":4,"20":4,"21":4,"22":4,"23":4,"24":4,"25":3,"26":2,"27":2,"28":2,"29":3,"30":4,"31":1,"32":2,"33":2,"34":8,"35":1,"36":1,"37":4,"38":43,"39":43,"40":43,"41":43,"42":43,"43":43,"44":43,"45":43,"46":43,"47":43,"48":43,"49":40,"50":40,"51":40,"52":40,"53":43,"54":40,"55":43,"56":40,"57":40,"58":40,"59":40,"60":1,"61":40,"62":1,"63":16,"64":16,"65":16,"66":14,"67":1,"68":13,"69":7,"70":13,"71":0,"72":13,"73":40,"74":40,"75":35,"76":0,"77":0,"78":35,"79":35,"80":0,"81":40,"82":0,"83":40,"84":34,"85":20,"86":14,"87":14,"88":14,"89":2,"90":40,"91":120,"92":40,"93":0,"94":40,"95":40,"96":40,"97":0,"98":40,"99":51,"100":15,"101":6,"102":9,"103":9,"104":9,"105":9,"106":15,"107":15,"108":8,"109":1,"110":1,"111":9,"112":3,"113":2,"114":2,"115":22,"116":0,"117":22,"118":4,"119":4,"120":18,"121":1,"122":17,"123":14,"124":14,"125":13,"126":3,"127":2,"128":1,"129":1,"130":1,"131":17,"132":5,"133":5,"134":5,"135":5,"136":0,"137":5,"138":5,"139":7,"140":7,"141":7,"142":0,"143":7,"144":4,"145":4,"146":4,"147":0,"148":4,"149":4,"150":3,"151":3,"152":3,"153":0,"154":3,"155":11,"156":11,"157":2,"158":41,"159":38,"160":41},"f":{"0":20,"1":4,"2":2,"3":3,"4":4,"5":1,"6":2,"7":8,"8":1,"9":4,"10":40,"11":43,"12":40,"13":16,"14":14,"15":0,"16":40,"17":0,"18":40,"19":34,"20":2,"21":120,"22":40,"23":40,"24":51,"25":15,"26":1,"27":2,"28":22,"29":5,"30":0,"31":5,"32":7,"33":0,"34":4,"35":0,"36":4,"37":3,"38":11,"39":43,"40":43},"b":{"0":[20],"1":[4],"2":[40,3],"3":[1,39],"4":[1,39],"5":[1,13],"6":[7,6],"7":[0,13],"8":[35,0,0],"9":[0,0],"10":[0,0],"11":[35,0],"12":[0,40],"13":[20,14],"14":[34,14],"15":[0,40],"16":[0,40],"17":[51],"18":[6,9],"19":[1,8],"20":[1,8],"21":[2,6],"22":[8,7],"23":[1,0],"24":[3,6],"25":[2,0],"26":[0,22],"27":[4,18],"28":[1,17],"29":[14,3],"30":[13,1],"31":[2,1],"32":[1,0],"33":[5,0],"34":[3,0],"35":[3,0],"36":[0,3],"37":[11],"38":[38,3]},"meta":{"lastBranch":39,"lastFunction":41,"lastStatement":161,"seen":{"s:5:23:5:Infinity":0,"s:6:23:6:Infinity":1,"s:8:29:8:Infinity":2,"s:9:29:9:Infinity":3,"f:22:9:22:13":0,"b:22:45:22:53":0,"s:23:15:23:Infinity":4,"s:24:15:24:Infinity":5,"s:25:2:25:Infinity":6,"s:26:2:26:Infinity":7,"s:27:2:27:Infinity":8,"s:28:2:28:Infinity":9,"s:29:2:29:Infinity":10,"s:30:2:30:Infinity":11,"s:31:2:31:Infinity":12,"s:32:2:32:Infinity":13,"f:38:9:38:14":1,"b:38:48:38:56":1,"s:39:15:39:Infinity":14,"s:40:15:40:Infinity":15,"s:41:2:41:Infinity":16,"s:42:2:42:Infinity":17,"s:43:2:43:Infinity":18,"s:44:2:44:Infinity":19,"s:45:2:45:Infinity":20,"s:46:2:46:Infinity":21,"s:47:2:47:Infinity":22,"s:48:2:48:Infinity":23,"s:49:2:49:Infinity":24,"s:58:18:92:Infinity":25,"f:60:8:60:9":2,"s:61:14:61:Infinity":26,"s:62:4:62:Infinity":27,"s:63:4:63:Infinity":28,"f:67:10:67:11":3,"s:68:4:68:Infinity":29,"f:72:8:72:9":4,"s:73:4:73:Infinity":30,"f:77:9:77:10":5,"s:78:4:78:Infinity":31,"f:82:7:82:8":6,"s:83:14:83:Infinity":32,"s:84:5:84:Infinity":33,"f:84:35:84:36":7,"s:84:45:84:87":34,"f:88:12:88:13":8,"s:89:14:89:Infinity":35,"s:90:5:90:Infinity":36,"f:90:34:90:35":9,"s:90:44:90:86":37,"s:113:21:113:Infinity":38,"s:116:9:116:Infinity":39,"s:118:10:118:Infinity":40,"s:120:12:120:Infinity":41,"s:122:21:122:Infinity":42,"s:124:12:124:Infinity":43,"s:126:11:126:Infinity":44,"s:128:15:128:Infinity":45,"s:130:17:130:Infinity":46,"s:132:15:132:Infinity":47,"s:134:19:134:Infinity":48,"f:136:2:136:13":10,"s:137:4:137:Infinity":49,"s:138:4:138:Infinity":50,"s:139:4:139:Infinity":51,"s:140:4:140:Infinity":52,"f:147:9:147:20":11,"b:148:4:150:Infinity:undefined:undefined:undefined:undefined":2,"s:148:4:150:Infinity":53,"s:149:6:149:Infinity":54,"s:151:4:151:Infinity":55,"f:156:2:156:14":12,"s:157:4:162:Infinity":56,"s:158:20:158:Infinity":57,"s:159:20:159:Infinity":58,"b:160:6:160:Infinity:undefined:undefined:undefined:undefined":3,"s:160:6:160:Infinity":59,"s:160:26:160:Infinity":60,"b:161:6:161:Infinity:undefined:undefined:undefined:undefined":4,"s:161:6:161:Infinity":61,"s:161:26:161:Infinity":62,"f:165:2:165:15":13,"s:166:4:169:Infinity":63,"s:167:6:167:Infinity":64,"s:168:6:168:Infinity":65,"f:174:2:174:9":14,"b:175:4:175:Infinity:undefined:undefined:undefined:undefined":5,"s:175:4:175:Infinity":66,"s:175:45:175:Infinity":67,"b:176:4:178:Infinity:undefined:undefined:undefined:undefined":6,"s:176:4:178:Infinity":68,"s:177:6:177:Infinity":69,"b:179:4:181:Infinity:undefined:undefined:undefined:undefined":7,"s:179:4:181:Infinity":70,"s:180:6:180:Infinity":71,"f:180:31:180:32":15,"s:182:4:182:Infinity":72,"f:187:8:187:19":16,"s:188:4:195:Infinity":73,"s:189:19:189:Infinity":74,"s:190:6:190:Infinity":75,"b:190:19:190:27:190:31:190:48:190:52:190:Infinity":8,"b:192:6:194:Infinity:undefined:undefined:undefined:undefined":9,"s:192:6:194:Infinity":76,"b:192:10:192:39:192:43:192:76":10,"s:193:8:193:Infinity":77,"b:197:4:199:Infinity:undefined:undefined:undefined:undefined":11,"s:197:4:199:Infinity":78,"s:198:6:198:Infinity":79,"f:198:46:198:47":17,"s:198:63:198:85":80,"f:204:2:204:22":18,"b:205:4:205:Infinity:undefined:undefined:undefined:undefined":12,"s:205:4:205:Infinity":81,"s:205:41:205:Infinity":82,"s:207:21:212:Infinity":83,"f:207:21:207:22":19,"b:208:6:208:Infinity:undefined:undefined:undefined:undefined":13,"s:208:6:208:Infinity":84,"b:208:10:208:25:208:29:208:44":14,"s:208:46:208:Infinity":85,"s:209:6:209:Infinity":86,"s:210:20:210:Infinity":87,"s:211:6:211:Infinity":88,"f:211:20:211:22":20,"s:211:26:211:39":89,"s:214:5:216:Infinity":90,"f:214:48:214:52":21,"s:215:6:215:Infinity":91,"f:221:2:221:22":22,"b:222:4:222:Infinity:undefined:undefined:undefined:undefined":15,"s:222:4:222:Infinity":92,"s:222:41:222:Infinity":93,"s:223:17:223:Infinity":94,"f:223:17:223:18":23,"s:223:23:223:Infinity":95,"b:224:4:228:Infinity:226:11:228:Infinity":16,"s:224:4:228:Infinity":96,"s:225:6:225:Infinity":97,"s:227:6:227:Infinity":98,"f:238:2:238:17":24,"b:238:25:238:33":17,"s:239:4:262:Infinity":99,"f:239:48:239:50":25,"b:240:6:240:Infinity:undefined:undefined:undefined:undefined":18,"s:240:6:240:Infinity":100,"s:240:39:240:Infinity":101,"s:241:6:241:Infinity":102,"s:243:27:243:Infinity":103,"s:244:27:244:Infinity":104,"s:246:23:246:Infinity":105,"b:246:38:246:62:246:66:246:Infinity":19,"s:247:23:249:Infinity":106,"b:248:10:248:Infinity:249:10:249:Infinity":20,"b:249:45:249:53:249:56:249:Infinity":21,"b:251:6:255:Infinity:undefined:undefined:undefined:undefined":22,"s:251:6:255:Infinity":107,"s:252:8:254:Infinity":108,"f:252:42:252:43":26,"b:253:10:253:Infinity:undefined:undefined:undefined:undefined":23,"s:253:10:253:Infinity":109,"s:253:28:253:Infinity":110,"b:257:6:261:Infinity:undefined:undefined:undefined:undefined":24,"s:257:6:261:Infinity":111,"s:258:8:260:Infinity":112,"f:258:37:258:38":27,"b:259:10:259:Infinity:undefined:undefined:undefined:undefined":25,"s:259:10:259:Infinity":113,"s:259:28:259:Infinity":114,"f:276:2:276:6":28,"b:277:4:277:Infinity:undefined:undefined:undefined:undefined":26,"s:277:4:277:Infinity":115,"s:277:25:277:Infinity":116,"b:278:4:281:Infinity:undefined:undefined:undefined:undefined":27,"s:278:4:281:Infinity":117,"s:279:6:279:Infinity":118,"s:280:6:280:Infinity":119,"b:282:4:282:Infinity:undefined:undefined:undefined:undefined":28,"s:282:4:282:Infinity":120,"s:282:21:282:Infinity":121,"b:284:4:297:Infinity:287:11:297:Infinity":29,"s:284:4:297:Infinity":122,"s:285:18:285:Infinity":123,"b:286:6:286:Infinity:undefined:undefined:undefined:undefined":30,"s:286:6:286:Infinity":124,"s:286:15:286:Infinity":125,"b:287:11:297:Infinity:289:11:297:Infinity":31,"s:287:11:297:Infinity":126,"s:288:6:288:Infinity":127,"b:289:11:297:Infinity:undefined:undefined:undefined:undefined":32,"s:289:11:297:Infinity":128,"s:291:6:295:Infinity":129,"s:296:6:296:Infinity":130,"s:299:4:299:Infinity":131,"f:307:2:307:11":29,"s:308:4:308:Infinity":132,"s:309:4:309:Infinity":133,"b:310:4:312:Infinity:undefined:undefined:undefined:undefined":33,"s:310:4:312:Infinity":134,"s:311:6:311:Infinity":135,"f:311:27:311:28":30,"s:311:32:311:54":136,"s:313:4:313:Infinity":137,"f:317:2:317:11":31,"s:318:4:318:Infinity":138,"f:326:2:326:6":32,"s:327:4:327:Infinity":139,"s:328:4:328:Infinity":140,"s:329:4:329:Infinity":141,"f:329:25:329:26":33,"s:329:30:329:41":142,"s:330:4:330:Infinity":143,"f:337:2:337:8":34,"s:338:4:338:Infinity":144,"s:339:4:339:Infinity":145,"s:340:4:340:Infinity":146,"f:340:25:340:26":35,"s:340:30:340:52":147,"s:341:4:341:Infinity":148,"f:345:2:345:9":36,"s:346:4:346:Infinity":149,"f:357:2:357:10":37,"b:358:4:368:Infinity:366:11:368:Infinity":34,"s:358:4:368:Infinity":150,"b:359:6:365:Infinity:undefined:undefined:undefined:undefined":35,"s:359:6:365:Infinity":151,"s:360:8:364:Infinity":152,"b:362:33:362:34:362:37:362:49":36,"s:367:6:367:Infinity":153,"s:369:4:369:Infinity":154,"f:377:2:377:13":38,"b:377:21:377:29":37,"s:378:4:378:Infinity":155,"s:379:4:379:Infinity":156,"f:383:13:383:16":39,"s:384:4:384:Infinity":157,"f:390:9:390:22":40,"b:391:4:393:Infinity:undefined:undefined:undefined:undefined":38,"s:391:4:393:Infinity":158,"s:392:6:392:Infinity":159,"s:394:4:394:Infinity":160}}}
,"/home/davide/ProgettiPersonali/Arcade-UI/arcade-ui/src/components/button.js": {"path":"/home/davide/ProgettiPersonali/Arcade-UI/arcade-ui/src/components/button.js","statementMap":{"0":{"start":{"line":13,"column":2},"end":{"line":13,"column":null}}},"fnMap":{"0":{"name":"bindButtonSounds","decl":{"start":{"line":12,"column":16},"end":{"line":12,"column":32}},"loc":{"start":{"line":12,"column":50},"end":{"line":14,"column":null}},"line":12}},"branchMap":{"0":{"loc":{"start":{"line":12,"column":33},"end":{"line":12,"column":48}},"type":"default-arg","locations":[{"start":{"line":12,"column":40},"end":{"line":12,"column":48}}],"line":12}},"s":{"0":5},"f":{"0":5},"b":{"0":[5]},"meta":{"lastBranch":1,"lastFunction":1,"lastStatement":1,"seen":{"f:12:16:12:32":0,"b:12:40:12:48":0,"s:13:2:13:Infinity":0}}}
,"/home/davide/ProgettiPersonali/Arcade-UI/arcade-ui/src/effects/glitch.js": {"path":"/home/davide/ProgettiPersonali/Arcade-UI/arcade-ui/src/effects/glitch.js","statementMap":{"0":{"start":{"line":4,"column":17},"end":{"line":4,"column":null}},"1":{"start":{"line":16,"column":2},"end":{"line":24,"column":null}},"2":{"start":{"line":17,"column":4},"end":{"line":17,"column":null}},"3":{"start":{"line":17,"column":39},"end":{"line":17,"column":null}},"4":{"start":{"line":20,"column":6},"end":{"line":21,"column":null}},"5":{"start":{"line":23,"column":4},"end":{"line":23,"column":null}},"6":{"start":{"line":35,"column":2},"end":{"line":35,"column":null}},"7":{"start":{"line":36,"column":2},"end":{"line":36,"column":null}},"8":{"start":{"line":37,"column":2},"end":{"line":37,"column":null}},"9":{"start":{"line":38,"column":2},"end":{"line":38,"column":null}},"10":{"start":{"line":38,"column":19},"end":{"line":38,"column":59}},"11":{"start":{"line":41,"column":22},"end":{"line":41,"column":null}}},"fnMap":{"0":{"name":"initGlitch","decl":{"start":{"line":15,"column":16},"end":{"line":15,"column":26}},"loc":{"start":{"line":15,"column":44},"end":{"line":25,"column":null}},"line":15},"1":{"name":"(anonymous_1)","decl":{"start":{"line":16,"column":42},"end":{"line":16,"column":44}},"loc":{"start":{"line":16,"column":48},"end":{"line":24,"column":3}},"line":16},"2":{"name":"triggerGlitch","decl":{"start":{"line":34,"column":16},"end":{"line":34,"column":29}},"loc":{"start":{"line":34,"column":50},"end":{"line":39,"column":null}},"line":34},"3":{"name":"(anonymous_3)","decl":{"start":{"line":38,"column":13},"end":{"line":38,"column":14}},"loc":{"start":{"line":38,"column":19},"end":{"line":38,"column":59}},"line":38}},"branchMap":{"0":{"loc":{"start":{"line":15,"column":27},"end":{"line":15,"column":42}},"type":"default-arg","locations":[{"start":{"line":15,"column":34},"end":{"line":15,"column":42}}],"line":15},"1":{"loc":{"start":{"line":17,"column":4},"end":{"line":17,"column":null}},"type":"if","locations":[{"start":{"line":17,"column":4},"end":{"line":17,"column":null}},{"start":{},"end":{}}],"line":17},"2":{"loc":{"start":{"line":20,"column":6},"end":{"line":21,"column":null}},"type":"binary-expr","locations":[{"start":{"line":20,"column":6},"end":{"line":20,"column":26}},{"start":{"line":21,"column":12},"end":{"line":21,"column":null}}],"line":20},"3":{"loc":{"start":{"line":23,"column":22},"end":{"line":23,"column":null}},"type":"cond-expr","locations":[{"start":{"line":23,"column":43},"end":{"line":23,"column":45}},{"start":{"line":23,"column":48},"end":{"line":23,"column":null}}],"line":23},"4":{"loc":{"start":{"line":34,"column":34},"end":{"line":34,"column":48}},"type":"default-arg","locations":[{"start":{"line":34,"column":45},"end":{"line":34,"column":48}}],"line":34}},"s":{"0":2,"1":10,"2":11,"3":1,"4":10,"5":11,"6":6,"7":6,"8":6,"9":6,"10":2,"11":2},"f":{"0":10,"1":11,"2":6,"3":2},"b":{"0":[10],"1":[1,10],"2":[10,9],"3":[1,9],"4":[6]},"meta":{"lastBranch":5,"lastFunction":4,"lastStatement":12,"seen":{"s:4:17:4:Infinity":0,"f:15:16:15:26":0,"b:15:34:15:42":0,"s:16:2:24:Infinity":1,"f:16:42:16:44":1,"b:17:4:17:Infinity:undefined:undefined:undefined:undefined":1,"s:17:4:17:Infinity":2,"s:17:39:17:Infinity":3,"s:20:6:21:Infinity":4,"b:20:6:20:26:21:12:21:Infinity":2,"s:23:4:23:Infinity":5,"b:23:43:23:45:23:48:23:Infinity":3,"f:34:16:34:29":2,"b:34:45:34:48":4,"s:35:2:35:Infinity":6,"s:36:2:36:Infinity":7,"s:37:2:37:Infinity":8,"s:38:2:38:Infinity":9,"f:38:13:38:14":3,"s:38:19:38:59":10,"s:41:22:41:Infinity":11}}}
}
